Semilla: 333
Tolerancia relativa: 0.0189587

Trafico/s promediado/s en a:
Probabilidad de bloqueo estimada: 0.0110681
	Confidence interval 1: (0.00436081,0.0177753) with coverage: 0.95
	Confidence interval 2: (-0.00768077,0.0298169) with coverage: 0.999998
	Number of samples: 3614
	Variance: 0.0109486
	Standard deviation: 0.104636
	Maximum sample: 1
	Minimum sample: 0

Trafico/s promediado/s en b:
Probabilidad de bloqueo estimada: 0.068318
	Confidence interval 1: (0.0536105,0.0830255) with coverage: 0.95
	Confidence interval 2: (0.0506546,0.0859815) with coverage: 0.979425
	Number of samples: 2503
	Variance: 0.0636761
	Standard deviation: 0.252341
	Maximum sample: 1
	Minimum sample: 0

Trafico/s promediado/s en c:
Probabilidad de bloqueo estimada: 0.00795978
	Confidence interval 1: (0.00367912,0.0122404) with coverage: 0.95
	Confidence interval 2: (-0.010848,0.0267675) with coverage: 0.999998
	Number of samples: 2387
	Variance: 0.00789973
	Standard deviation: 0.0888804
	Maximum sample: 1
	Minimum sample: 0

Trafico/s promediado/s en d:
Probabilidad de bloqueo estimada: 0.00741198
	Confidence interval 1: (0.0032932,0.0115308) with coverage: 0.95
	Confidence interval 2: (-0.0114062,0.0262301) with coverage: 0.999998
	Number of samples: 4857
	Variance: 0.00735856
	Standard deviation: 0.0857821
	Maximum sample: 1
	Minimum sample: 0

Trafico/s promediado/s en e:
Probabilidad de bloqueo estimada: 0.0654167
	Confidence interval 1: (0.0514202,0.0794132) with coverage: 0.95
	Confidence interval 2: (0.0476982,0.0831351) with coverage: 0.985425
	Number of samples: 2400
	Variance: 0.0611628
	Standard deviation: 0.247311
	Maximum sample: 1
	Minimum sample: 0

