Semilla: 333
Tolerancia relativa: 0.0169507

Trafico/s promediado/s en a:
Probabilidad de bloqueo estimada: 0.00571512
	Confidence interval 1: (0.00265939,0.00877086) with coverage: 0.95
	Confidence interval 2: (-0.0111387,0.0225689) with coverage: 0.999998
	Number of samples: 6824
	Variance: 0.00568329
	Standard deviation: 0.0753876
	Maximum sample: 1
	Minimum sample: 0

Trafico/s promediado/s en b:
Probabilidad de bloqueo estimada: 0.0578238
	Confidence interval 1: (0.0466279,0.0690197) with coverage: 0.95
	Confidence interval 2: (0.0418532,0.0737943) with coverage: 0.99633
	Number of samples: 5119
	Variance: 0.0544908
	Standard deviation: 0.233433
	Maximum sample: 1
	Minimum sample: 0

Trafico/s promediado/s en c:
Probabilidad de bloqueo estimada: 0.010825
	Confidence interval 1: (0.00586058,0.0157895) with coverage: 0.95
	Confidence interval 2: (-0.00594216,0.0275923) with coverage: 0.999998
	Number of samples: 6836
	Variance: 0.0107094
	Standard deviation: 0.103486
	Maximum sample: 1
	Minimum sample: 0

Trafico/s promediado/s en d:
Probabilidad de bloqueo estimada: 0.00347942
	Confidence interval 1: (0.00156452,0.00539432) with coverage: 0.95
	Confidence interval 2: (-0.0134123,0.0203711) with coverage: 0.999998
	Number of samples: 13508
	Variance: 0.00346757
	Standard deviation: 0.0588861
	Maximum sample: 1
	Minimum sample: 0

Trafico/s promediado/s en e:
Probabilidad de bloqueo estimada: 0.0855843
	Confidence interval 1: (0.0707971,0.100371) with coverage: 0.95
	Confidence interval 2: (0.0700843,0.101084) with coverage: 0.960798
	Number of samples: 6812
	Variance: 0.0782711
	Standard deviation: 0.27977
	Maximum sample: 1
	Minimum sample: 0

