Semilla: 333
Tolerancia relativa: 0.0121078

Trafico/s promediado/s en a:
Probabilidad de bloqueo estimada: 0.035163
	Confidence interval 1: (0.0271664,0.0431597) with coverage: 0.95
	Confidence interval 2: (0.023481,0.0468451) with coverage: 0.995499
	Number of samples: 8617
	Variance: 0.0339305
	Standard deviation: 0.184202
	Maximum sample: 1
	Minimum sample: 0

Trafico/s promediado/s en b:
Probabilidad de bloqueo estimada: 0.112323
	Confidence interval 1: (0.101621,0.123025) with coverage: 0.95
	Confidence interval 2: (0.101575,0.12307) with coverage: 0.950548
	Number of samples: 5778
	Variance: 0.0997235
	Standard deviation: 0.31579
	Maximum sample: 1
	Minimum sample: 0

Trafico/s promediado/s en c:
Probabilidad de bloqueo estimada: 0.0239774
	Confidence interval 1: (0.0184626,0.0294922) with coverage: 0.95
	Confidence interval 2: (0.01216,0.0357949) with coverage: 0.999912
	Number of samples: 5672
	Variance: 0.0234066
	Standard deviation: 0.152992
	Maximum sample: 1
	Minimum sample: 0

Trafico/s promediado/s en d:
Probabilidad de bloqueo estimada: 0.02373
	Confidence interval 1: (0.0175239,0.0299361) with coverage: 0.95
	Confidence interval 2: (0.0119096,0.0355504) with coverage: 0.999892
	Number of samples: 11378
	Variance: 0.0231689
	Standard deviation: 0.152213
	Maximum sample: 1
	Minimum sample: 0

Trafico/s promediado/s en e:
Probabilidad de bloqueo estimada: 0.113704
	Confidence interval 1: (0.103174,0.124234) with coverage: 0.95
	Confidence interval 2: (0.102973,0.124435) with coverage: 0.958233
	Number of samples: 5699
	Variance: 0.100793
	Standard deviation: 0.317479
	Maximum sample: 1
	Minimum sample: 0

