Semilla: 333
Tolerancia relativa: 0.01

Trafico 0:
Probabilidad de bloqueo estimada: 0.796095
	Confidence interval 1: (0.792985,0.799205) with coverage: 0.95
	Confidence interval 2: (0.788134,0.804056) with coverage: 0.999995
	Number of samples: 57929
	Variance: 0.16233
	Standard deviation: 0.402902
	Maximum sample: 1
	Minimum sample: 0


Trafico 1:
Probabilidad de bloqueo estimada: 0.689307
	Confidence interval 1: (0.683842,0.694772) with coverage: 0.95
	Confidence interval 2: (0.682414,0.6962) with coverage: 0.985067
	Number of samples: 58215
	Variance: 0.214167
	Standard deviation: 0.462781
	Maximum sample: 1
	Minimum sample: 0


Trafico 2:
Probabilidad de bloqueo estimada: 0.52336
	Confidence interval 1: (0.518208,0.528512) with coverage: 0.95
	Confidence interval 2: (0.518127,0.528594) with coverage: 0.953205
	Number of samples: 58069
	Variance: 0.249459
	Standard deviation: 0.499458
	Maximum sample: 1
	Minimum sample: 0


Trafico 3:
Probabilidad de bloqueo estimada: 0.594683
	Confidence interval 1: (0.590527,0.598839) with coverage: 0.95
	Confidence interval 2: (0.588736,0.60063) with coverage: 0.995764
	Number of samples: 57777
	Variance: 0.241039
	Standard deviation: 0.490958
	Maximum sample: 1
	Minimum sample: 0


