Semilla: 333
Tolerancia relativa: 0.01

Trafico 0:
Probabilidad de bloqueo estimada: 0.00346355
	Confidence interval 1: (0.00344266,0.00348443) with coverage: 0.95
	Confidence interval 2: (0.00342891,0.00349818) with coverage: 0.998414
	Number of samples: 78642807
	Variance: 0.00345155
	Standard deviation: 0.0587499
	Maximum sample: 1
	Minimum sample: 0


Trafico 1:
Probabilidad de bloqueo estimada: 0.00344986
	Confidence interval 1: (0.00342843,0.00347129) with coverage: 0.95
	Confidence interval 2: (0.00341536,0.00348436) with coverage: 0.999569
	Number of samples: 78648663
	Variance: 0.00343796
	Standard deviation: 0.0586341
	Maximum sample: 1
	Minimum sample: 0


Trafico 2:
Probabilidad de bloqueo estimada: 0.00262446
	Confidence interval 1: (0.00260474,0.00264418) with coverage: 0.95
	Confidence interval 2: (0.00259822,0.00265071) with coverage: 0.989544
	Number of samples: 39321600
	Variance: 0.00261757
	Standard deviation: 0.0511622
	Maximum sample: 1
	Minimum sample: 0


Trafico 3:
Probabilidad de bloqueo estimada: 0.00260081
	Confidence interval 1: (0.00257827,0.00262334) with coverage: 0.95
	Confidence interval 2: (0.0025748,0.00262681) with coverage: 0.975167
	Number of samples: 39313980
	Variance: 0.00259404
	Standard deviation: 0.0509317
	Maximum sample: 1
	Minimum sample: 0


Trafico 4:
Probabilidad de bloqueo estimada: 0.575708
	Confidence interval 1: (0.575605,0.575811) with coverage: 0.95
	Confidence interval 2: (0.569951,0.581465) with coverage: 0.999998
	Number of samples: 196581033
	Variance: 0.244268
	Standard deviation: 0.494235
	Maximum sample: 1
	Minimum sample: 0


Trafico 5:
Probabilidad de bloqueo estimada: 0.575701
	Confidence interval 1: (0.575608,0.575794) with coverage: 0.95
	Confidence interval 2: (0.569944,0.581458) with coverage: 0.999998
	Number of samples: 196588301
	Variance: 0.244269
	Standard deviation: 0.494236
	Maximum sample: 1
	Minimum sample: 0


