Tolerancia = 0.002
../../conf/axial/axial_i_0.cfg
../../conf/axial/axial_i_0.cfg
../../out/axial/axial_i_0.cfg.out
Pb max = 0.121748
Tolerancia = 0.014427374576995106
../../conf/axial/axial_i_1.cfg
../../conf/axial/axial_i_1.cfg
../../out/axial/axial_i_1.cfg.out
Pb max = 0.109934
Tolerancia = 0.01619273382211145
../../conf/axial/axial_i_2.cfg
../../conf/axial/axial_i_2.cfg
../../out/axial/axial_i_2.cfg.out
Pb max = 0.084338
Tolerancia = 0.021714102776921436
../../conf/axial/axial_i_3.cfg
../../conf/axial/axial_i_3.cfg
../../out/axial/axial_i_3.cfg.out
Pb max = 0.0659328
Tolerancia = 0.028333915744515627
../../conf/axial/axial_i_4.cfg
../../conf/axial/axial_i_4.cfg
../../out/axial/axial_i_4.cfg.out
Pb max = 0.0482812
Tolerancia = 0.0394239911186963
../../conf/destrogiro/destrogiro_i_0.cfg
../../conf/destrogiro/destrogiro_i_0.cfg
../../out/destrogiro/destrogiro_i_0.cfg.out
Pb max = 0.0110445
Tolerancia = 0.1790856082212866
../../conf/destrogiro/destrogiro_i_1.cfg
../../conf/destrogiro/destrogiro_i_1.cfg
../../out/destrogiro/destrogiro_i_1.cfg.out
Pb max = 0.00432099
Tolerancia = 0.4608568915919732
../../conf/destrogiro/destrogiro_i_2.cfg
../../conf/destrogiro/destrogiro_i_2.cfg
../../out/destrogiro/destrogiro_i_2.cfg.out
Pb max = 0.00167645
Tolerancia = 1
../../conf/destrogiro/destrogiro_i_3.cfg
../../conf/destrogiro/destrogiro_i_3.cfg
../../out/destrogiro/destrogiro_i_3.cfg.out
Pb max = 0.00376471
Tolerancia = 0.529249418945948
../../conf/destrogiro/destrogiro_i_4.cfg
../../conf/destrogiro/destrogiro_i_4.cfg
../../out/destrogiro/destrogiro_i_4.cfg.out
Pb max = 0.000648088
