

Tipo exhaustivo: 
 Trafico = a
[[0.0183678, 0.0120597, 0.00571512, 0.00527578, 0.00208914, 0.000636943], [0.0840856, 0.0727503, 0.0578238, 0.0366393, 0.035, 0.0183333], [0.0249356, 0.0182405, 0.010825, 0.00707881, 0.00464191, 0.000628931], [0.0139521, 0.00993633, 0.00347942, 0.00212867, 0.00170126, 0.0], [0.12406, 0.105537, 0.0855843, 0.0569444, 0.0567423, 0.0268918]]
 Trafico = b
[[0.0183678, 0.0120597, 0.00571512, 0.00527578, 0.00208914, 0.000636943], [0.0840856, 0.0727503, 0.0578238, 0.0366393, 0.035, 0.0183333], [0.0249356, 0.0182405, 0.010825, 0.00707881, 0.00464191, 0.000628931], [0.0139521, 0.00993633, 0.00347942, 0.00212867, 0.00170126, 0.0], [0.12406, 0.105537, 0.0855843, 0.0569444, 0.0567423, 0.0268918]]
 Trafico = c
[[0.0183678, 0.0120597, 0.00571512, 0.00527578, 0.00208914, 0.000636943], [0.0840856, 0.0727503, 0.0578238, 0.0366393, 0.035, 0.0183333], [0.0249356, 0.0182405, 0.010825, 0.00707881, 0.00464191, 0.000628931], [0.0139521, 0.00993633, 0.00347942, 0.00212867, 0.00170126, 0.0], [0.12406, 0.105537, 0.0855843, 0.0569444, 0.0567423, 0.0268918]]
 Trafico = d
[[0.0183678, 0.0120597, 0.00571512, 0.00527578, 0.00208914, 0.000636943], [0.0840856, 0.0727503, 0.0578238, 0.0366393, 0.035, 0.0183333], [0.0249356, 0.0182405, 0.010825, 0.00707881, 0.00464191, 0.000628931], [0.0139521, 0.00993633, 0.00347942, 0.00212867, 0.00170126, 0.0], [0.12406, 0.105537, 0.0855843, 0.0569444, 0.0567423, 0.0268918]]
 Trafico = e
[[0.0183678, 0.0120597, 0.00571512, 0.00527578, 0.00208914, 0.000636943], [0.0840856, 0.0727503, 0.0578238, 0.0366393, 0.035, 0.0183333], [0.0249356, 0.0182405, 0.010825, 0.00707881, 0.00464191, 0.000628931], [0.0139521, 0.00993633, 0.00347942, 0.00212867, 0.00170126, 0.0], [0.12406, 0.105537, 0.0855843, 0.0569444, 0.0567423, 0.0268918]]


Tipo con_reserva: 
 Trafico = a
[[0.0161627, 0.0103436, 0.00453074, 0.00262467, 0.00084317, 0.0], [0.0972178, 0.0814882, 0.0556269, 0.0408333, 0.0382514, 0.0283768], [0.0723236, 0.0536611, 0.0428028, 0.0292249, 0.0141667, 0.0108333], [0.00920904, 0.00417791, 0.00282974, 0.00160256, 0.0, 0.000877193], [0.110022, 0.0989583, 0.0779096, 0.0670886, 0.0529747, 0.0341382]]
 Trafico = b
[[0.0161627, 0.0103436, 0.00453074, 0.00262467, 0.00084317, 0.0], [0.0972178, 0.0814882, 0.0556269, 0.0408333, 0.0382514, 0.0283768], [0.0723236, 0.0536611, 0.0428028, 0.0292249, 0.0141667, 0.0108333], [0.00920904, 0.00417791, 0.00282974, 0.00160256, 0.0, 0.000877193], [0.110022, 0.0989583, 0.0779096, 0.0670886, 0.0529747, 0.0341382]]
 Trafico = c
[[0.0161627, 0.0103436, 0.00453074, 0.00262467, 0.00084317, 0.0], [0.0972178, 0.0814882, 0.0556269, 0.0408333, 0.0382514, 0.0283768], [0.0723236, 0.0536611, 0.0428028, 0.0292249, 0.0141667, 0.0108333], [0.00920904, 0.00417791, 0.00282974, 0.00160256, 0.0, 0.000877193], [0.110022, 0.0989583, 0.0779096, 0.0670886, 0.0529747, 0.0341382]]
 Trafico = d
[[0.0161627, 0.0103436, 0.00453074, 0.00262467, 0.00084317, 0.0], [0.0972178, 0.0814882, 0.0556269, 0.0408333, 0.0382514, 0.0283768], [0.0723236, 0.0536611, 0.0428028, 0.0292249, 0.0141667, 0.0108333], [0.00920904, 0.00417791, 0.00282974, 0.00160256, 0.0, 0.000877193], [0.110022, 0.0989583, 0.0779096, 0.0670886, 0.0529747, 0.0341382]]
 Trafico = e
[[0.0161627, 0.0103436, 0.00453074, 0.00262467, 0.00084317, 0.0], [0.0972178, 0.0814882, 0.0556269, 0.0408333, 0.0382514, 0.0283768], [0.0723236, 0.0536611, 0.0428028, 0.0292249, 0.0141667, 0.0108333], [0.00920904, 0.00417791, 0.00282974, 0.00160256, 0.0, 0.000877193], [0.110022, 0.0989583, 0.0779096, 0.0670886, 0.0529747, 0.0341382]]


Tipo axial: 
 Trafico = a
[[0.121851, 0.101645, 0.082681, 0.062697, 0.0442389, 0.0344179], [0.0, 0.0, 0.0, 0.0, 0.0, 0.0], [0.000220479, 0.000156609, 2.16812e-05, 0.0, 0.0, 0.0], [0.227349, 0.195892, 0.15421, 0.124344, 0.0840547, 0.0590909], [0.00797936, 0.00608519, 0.00387125, 0.000781084, 0.000451467, 0.0], [0.125224, 0.102514, 0.0814016, 0.0643575, 0.0450092, 0.0323288], [0.000105855, 6.55557e-05, 5.43732e-06, 8.91902e-06, 0.0, 0.0], [0.0, 0.0, 0.0, 0.0, 0.0, 0.0], [0.121349, 0.100157, 0.0809389, 0.0640751, 0.0430144, 0.0286026], [0.00404096, 0.00270577, 0.0015503, 0.0005019, 0.000169167, 0.0]]
 Trafico = b
[[0.121851, 0.101645, 0.082681, 0.062697, 0.0442389, 0.0344179], [0.0, 0.0, 0.0, 0.0, 0.0, 0.0], [0.000220479, 0.000156609, 2.16812e-05, 0.0, 0.0, 0.0], [0.227349, 0.195892, 0.15421, 0.124344, 0.0840547, 0.0590909], [0.00797936, 0.00608519, 0.00387125, 0.000781084, 0.000451467, 0.0], [0.125224, 0.102514, 0.0814016, 0.0643575, 0.0450092, 0.0323288], [0.000105855, 6.55557e-05, 5.43732e-06, 8.91902e-06, 0.0, 0.0], [0.0, 0.0, 0.0, 0.0, 0.0, 0.0], [0.121349, 0.100157, 0.0809389, 0.0640751, 0.0430144, 0.0286026], [0.00404096, 0.00270577, 0.0015503, 0.0005019, 0.000169167, 0.0]]
 Trafico = c
[[0.121851, 0.101645, 0.082681, 0.062697, 0.0442389, 0.0344179], [0.0, 0.0, 0.0, 0.0, 0.0, 0.0], [0.000220479, 0.000156609, 2.16812e-05, 0.0, 0.0, 0.0], [0.227349, 0.195892, 0.15421, 0.124344, 0.0840547, 0.0590909], [0.00797936, 0.00608519, 0.00387125, 0.000781084, 0.000451467, 0.0], [0.125224, 0.102514, 0.0814016, 0.0643575, 0.0450092, 0.0323288], [0.000105855, 6.55557e-05, 5.43732e-06, 8.91902e-06, 0.0, 0.0], [0.0, 0.0, 0.0, 0.0, 0.0, 0.0], [0.121349, 0.100157, 0.0809389, 0.0640751, 0.0430144, 0.0286026], [0.00404096, 0.00270577, 0.0015503, 0.0005019, 0.000169167, 0.0]]
 Trafico = d
[[0.121851, 0.101645, 0.082681, 0.062697, 0.0442389, 0.0344179], [0.0, 0.0, 0.0, 0.0, 0.0, 0.0], [0.000220479, 0.000156609, 2.16812e-05, 0.0, 0.0, 0.0], [0.227349, 0.195892, 0.15421, 0.124344, 0.0840547, 0.0590909], [0.00797936, 0.00608519, 0.00387125, 0.000781084, 0.000451467, 0.0], [0.125224, 0.102514, 0.0814016, 0.0643575, 0.0450092, 0.0323288], [0.000105855, 6.55557e-05, 5.43732e-06, 8.91902e-06, 0.0, 0.0], [0.0, 0.0, 0.0, 0.0, 0.0, 0.0], [0.121349, 0.100157, 0.0809389, 0.0640751, 0.0430144, 0.0286026], [0.00404096, 0.00270577, 0.0015503, 0.0005019, 0.000169167, 0.0]]
 Trafico = e
[[0.121851, 0.101645, 0.082681, 0.062697, 0.0442389, 0.0344179], [0.0, 0.0, 0.0, 0.0, 0.0, 0.0], [0.000220479, 0.000156609, 2.16812e-05, 0.0, 0.0, 0.0], [0.227349, 0.195892, 0.15421, 0.124344, 0.0840547, 0.0590909], [0.00797936, 0.00608519, 0.00387125, 0.000781084, 0.000451467, 0.0], [0.125224, 0.102514, 0.0814016, 0.0643575, 0.0450092, 0.0323288], [0.000105855, 6.55557e-05, 5.43732e-06, 8.91902e-06, 0.0, 0.0], [0.0, 0.0, 0.0, 0.0, 0.0, 0.0], [0.121349, 0.100157, 0.0809389, 0.0640751, 0.0430144, 0.0286026], [0.00404096, 0.00270577, 0.0015503, 0.0005019, 0.000169167, 0.0]]
 Trafico = f
[[0.121851, 0.101645, 0.082681, 0.062697, 0.0442389, 0.0344179], [0.0, 0.0, 0.0, 0.0, 0.0, 0.0], [0.000220479, 0.000156609, 2.16812e-05, 0.0, 0.0, 0.0], [0.227349, 0.195892, 0.15421, 0.124344, 0.0840547, 0.0590909], [0.00797936, 0.00608519, 0.00387125, 0.000781084, 0.000451467, 0.0], [0.125224, 0.102514, 0.0814016, 0.0643575, 0.0450092, 0.0323288], [0.000105855, 6.55557e-05, 5.43732e-06, 8.91902e-06, 0.0, 0.0], [0.0, 0.0, 0.0, 0.0, 0.0, 0.0], [0.121349, 0.100157, 0.0809389, 0.0640751, 0.0430144, 0.0286026], [0.00404096, 0.00270577, 0.0015503, 0.0005019, 0.000169167, 0.0]]
 Trafico = g
[[0.121851, 0.101645, 0.082681, 0.062697, 0.0442389, 0.0344179], [0.0, 0.0, 0.0, 0.0, 0.0, 0.0], [0.000220479, 0.000156609, 2.16812e-05, 0.0, 0.0, 0.0], [0.227349, 0.195892, 0.15421, 0.124344, 0.0840547, 0.0590909], [0.00797936, 0.00608519, 0.00387125, 0.000781084, 0.000451467, 0.0], [0.125224, 0.102514, 0.0814016, 0.0643575, 0.0450092, 0.0323288], [0.000105855, 6.55557e-05, 5.43732e-06, 8.91902e-06, 0.0, 0.0], [0.0, 0.0, 0.0, 0.0, 0.0, 0.0], [0.121349, 0.100157, 0.0809389, 0.0640751, 0.0430144, 0.0286026], [0.00404096, 0.00270577, 0.0015503, 0.0005019, 0.000169167, 0.0]]
 Trafico = h
[[0.121851, 0.101645, 0.082681, 0.062697, 0.0442389, 0.0344179], [0.0, 0.0, 0.0, 0.0, 0.0, 0.0], [0.000220479, 0.000156609, 2.16812e-05, 0.0, 0.0, 0.0], [0.227349, 0.195892, 0.15421, 0.124344, 0.0840547, 0.0590909], [0.00797936, 0.00608519, 0.00387125, 0.000781084, 0.000451467, 0.0], [0.125224, 0.102514, 0.0814016, 0.0643575, 0.0450092, 0.0323288], [0.000105855, 6.55557e-05, 5.43732e-06, 8.91902e-06, 0.0, 0.0], [0.0, 0.0, 0.0, 0.0, 0.0, 0.0], [0.121349, 0.100157, 0.0809389, 0.0640751, 0.0430144, 0.0286026], [0.00404096, 0.00270577, 0.0015503, 0.0005019, 0.000169167, 0.0]]
 Trafico = i
[[0.121851, 0.101645, 0.082681, 0.062697, 0.0442389, 0.0344179], [0.0, 0.0, 0.0, 0.0, 0.0, 0.0], [0.000220479, 0.000156609, 2.16812e-05, 0.0, 0.0, 0.0], [0.227349, 0.195892, 0.15421, 0.124344, 0.0840547, 0.0590909], [0.00797936, 0.00608519, 0.00387125, 0.000781084, 0.000451467, 0.0], [0.125224, 0.102514, 0.0814016, 0.0643575, 0.0450092, 0.0323288], [0.000105855, 6.55557e-05, 5.43732e-06, 8.91902e-06, 0.0, 0.0], [0.0, 0.0, 0.0, 0.0, 0.0, 0.0], [0.121349, 0.100157, 0.0809389, 0.0640751, 0.0430144, 0.0286026], [0.00404096, 0.00270577, 0.0015503, 0.0005019, 0.000169167, 0.0]]
 Trafico = j
[[0.121851, 0.101645, 0.082681, 0.062697, 0.0442389, 0.0344179], [0.0, 0.0, 0.0, 0.0, 0.0, 0.0], [0.000220479, 0.000156609, 2.16812e-05, 0.0, 0.0, 0.0], [0.227349, 0.195892, 0.15421, 0.124344, 0.0840547, 0.0590909], [0.00797936, 0.00608519, 0.00387125, 0.000781084, 0.000451467, 0.0], [0.125224, 0.102514, 0.0814016, 0.0643575, 0.0450092, 0.0323288], [0.000105855, 6.55557e-05, 5.43732e-06, 8.91902e-06, 0.0, 0.0], [0.0, 0.0, 0.0, 0.0, 0.0, 0.0], [0.121349, 0.100157, 0.0809389, 0.0640751, 0.0430144, 0.0286026], [0.00404096, 0.00270577, 0.0015503, 0.0005019, 0.000169167, 0.0]]


Tipo destrogiro: 
 Trafico = a
[[0.379447, 0.349866, 0.31812, 0.285313, 0.250927, 0.215594], [0.28498, 0.253868, 0.220976, 0.187352, 0.15176, 0.120083], [0.459197, 0.431772, 0.402693, 0.371508, 0.337401, 0.30105], [0.155594, 0.137283, 0.118112, 0.0993214, 0.0800974, 0.0623136], [0.26521, 0.24674, 0.228461, 0.207374, 0.186768, 0.164552]]
 Trafico = b
[[0.379447, 0.349866, 0.31812, 0.285313, 0.250927, 0.215594], [0.28498, 0.253868, 0.220976, 0.187352, 0.15176, 0.120083], [0.459197, 0.431772, 0.402693, 0.371508, 0.337401, 0.30105], [0.155594, 0.137283, 0.118112, 0.0993214, 0.0800974, 0.0623136], [0.26521, 0.24674, 0.228461, 0.207374, 0.186768, 0.164552]]
 Trafico = c
[[0.379447, 0.349866, 0.31812, 0.285313, 0.250927, 0.215594], [0.28498, 0.253868, 0.220976, 0.187352, 0.15176, 0.120083], [0.459197, 0.431772, 0.402693, 0.371508, 0.337401, 0.30105], [0.155594, 0.137283, 0.118112, 0.0993214, 0.0800974, 0.0623136], [0.26521, 0.24674, 0.228461, 0.207374, 0.186768, 0.164552]]
 Trafico = d
[[0.379447, 0.349866, 0.31812, 0.285313, 0.250927, 0.215594], [0.28498, 0.253868, 0.220976, 0.187352, 0.15176, 0.120083], [0.459197, 0.431772, 0.402693, 0.371508, 0.337401, 0.30105], [0.155594, 0.137283, 0.118112, 0.0993214, 0.0800974, 0.0623136], [0.26521, 0.24674, 0.228461, 0.207374, 0.186768, 0.164552]]
 Trafico = e
[[0.379447, 0.349866, 0.31812, 0.285313, 0.250927, 0.215594], [0.28498, 0.253868, 0.220976, 0.187352, 0.15176, 0.120083], [0.459197, 0.431772, 0.402693, 0.371508, 0.337401, 0.30105], [0.155594, 0.137283, 0.118112, 0.0993214, 0.0800974, 0.0623136], [0.26521, 0.24674, 0.228461, 0.207374, 0.186768, 0.164552]]
