Semilla: 333
Tolerancia relativa: 0.002

Trafico/s promediado/s en a:
Probabilidad de bloqueo estimada: 0
	Confidence interval 1: (0,0) with coverage: 0.95
	Confidence interval 2: (-nan,-nan) with coverage: 1
	Number of samples: 840
	Variance: 0
	Standard deviation: 0
	Maximum sample: 0
	Minimum sample: 0

Trafico/s promediado/s en b:
Probabilidad de bloqueo estimada: 0
	Confidence interval 1: (0,0) with coverage: 0.95
	Confidence interval 2: (-nan,-nan) with coverage: 1
	Number of samples: 822
	Variance: 0
	Standard deviation: 0
	Maximum sample: 0
	Minimum sample: 0

Trafico/s promediado/s en c:
Probabilidad de bloqueo estimada: 0
	Confidence interval 1: (0,0) with coverage: 0.95
	Confidence interval 2: (-nan,-nan) with coverage: 1
	Number of samples: 818
	Variance: 0
	Standard deviation: 0
	Maximum sample: 0
	Minimum sample: 0

Trafico/s promediado/s en d:
Probabilidad de bloqueo estimada: 0
	Confidence interval 1: (0,0) with coverage: 0.95
	Confidence interval 2: (-nan,-nan) with coverage: 1
	Number of samples: 807
	Variance: 0
	Standard deviation: 0
	Maximum sample: 0
	Minimum sample: 0

Trafico/s promediado/s en e:
Probabilidad de bloqueo estimada: 0
	Confidence interval 1: (0,0) with coverage: 0.95
	Confidence interval 2: (-nan,-nan) with coverage: 1
	Number of samples: 849
	Variance: 0
	Standard deviation: 0
	Maximum sample: 0
	Minimum sample: 0

Trafico/s promediado/s en f:
Probabilidad de bloqueo estimada: 0
	Confidence interval 1: (0,0) with coverage: 0.95
	Confidence interval 2: (-nan,-nan) with coverage: 1
	Number of samples: 876
	Variance: 0
	Standard deviation: 0
	Maximum sample: 0
	Minimum sample: 0

Trafico/s promediado/s en g:
Probabilidad de bloqueo estimada: 0
	Confidence interval 1: (0,0) with coverage: 0.95
	Confidence interval 2: (-nan,-nan) with coverage: 1
	Number of samples: 3288
	Variance: 0
	Standard deviation: 0
	Maximum sample: 0
	Minimum sample: 0

Trafico/s promediado/s en h:
Probabilidad de bloqueo estimada: 0
	Confidence interval 1: (0,0) with coverage: 0.95
	Confidence interval 2: (-nan,-nan) with coverage: 1
	Number of samples: 3386
	Variance: 0
	Standard deviation: 0
	Maximum sample: 0
	Minimum sample: 0

Trafico/s promediado/s en i:
Probabilidad de bloqueo estimada: 0.000299043
	Confidence interval 1: (-0.000403457,0.00100154) with coverage: 0.95
	Confidence interval 2: (-0.00170036,0.00229845) with coverage: 0.999998
	Number of samples: 3344
	Variance: 0.000299043
	Standard deviation: 0.0172929
	Maximum sample: 1
	Minimum sample: 0

Trafico/s promediado/s en j:
Probabilidad de bloqueo estimada: 0
	Confidence interval 1: (0,0) with coverage: 0.95
	Confidence interval 2: (-nan,-nan) with coverage: 1
	Number of samples: 800
	Variance: 0
	Standard deviation: 0
	Maximum sample: 0
	Minimum sample: 0

