Semilla: 333
Tolerancia relativa: 0.2505

Trafico/s promediado/s en a:
Probabilidad de bloqueo estimada: 0.00171233
	Confidence interval 1: (-0.000809382,0.00423404) with coverage: 0.95
	Confidence interval 2: (-0.248359,0.251783) with coverage: 0.999998
	Number of samples: 1168
	Variance: 0.00171086
	Standard deviation: 0.0413626
	Maximum sample: 1
	Minimum sample: 0

Trafico/s promediado/s en b:
Probabilidad de bloqueo estimada: 0.138009
	Confidence interval 1: (0.0954627,0.180555) with coverage: 0.95
	Confidence interval 2: (-0.0779197,0.353938) with coverage: 0.999998
	Number of samples: 884
	Variance: 0.119097
	Standard deviation: 0.345105
	Maximum sample: 1
	Minimum sample: 0

Trafico/s promediado/s en c:
Probabilidad de bloqueo estimada: 0.0633333
	Confidence interval 1: (0.0438951,0.0827716) with coverage: 0.95
	Confidence interval 2: (-0.171302,0.297968) with coverage: 0.999998
	Number of samples: 1200
	Variance: 0.0593717
	Standard deviation: 0.243663
	Maximum sample: 1
	Minimum sample: 0

Trafico/s promediado/s en d:
Probabilidad de bloqueo estimada: 0.00042337
	Confidence interval 1: (0.00042337,0.00042337) with coverage: 0.95
	Confidence interval 2: (-0.249971,0.250817) with coverage: 1
	Number of samples: 2362
	Variance: 0.00042337
	Standard deviation: 0.020576
	Maximum sample: 1
	Minimum sample: 0

Trafico/s promediado/s en e:
Probabilidad de bloqueo estimada: 0.0679214
	Confidence interval 1: (0.0439574,0.0918855) with coverage: 0.95
	Confidence interval 2: (-0.165564,0.301407) with coverage: 0.999998
	Number of samples: 1222
	Variance: 0.06336
	Standard deviation: 0.251714
	Maximum sample: 1
	Minimum sample: 0

