Semilla: 333
Tolerancia relativa: 1

Trafico/s promediado/s en a:
Probabilidad de bloqueo estimada: 0.00129032
	Confidence interval 1: (-0.000671008,0.00325165) with coverage: 0.95
	Confidence interval 2: (-0.997419,1) with coverage: 0.999998
	Number of samples: 1550
	Variance: 0.00128949
	Standard deviation: 0.0359095
	Maximum sample: 1
	Minimum sample: 0

Trafico/s promediado/s en b:
Probabilidad de bloqueo estimada: 0.1075
	Confidence interval 1: (0.0747905,0.140209) with coverage: 0.95
	Confidence interval 2: (-0.785,1) with coverage: 0.999998
	Number of samples: 1200
	Variance: 0.0960238
	Standard deviation: 0.309877
	Maximum sample: 1
	Minimum sample: 0

Trafico/s promediado/s en c:
Probabilidad de bloqueo estimada: 0.058147
	Confidence interval 1: (0.0400588,0.0762351) with coverage: 0.95
	Confidence interval 2: (-0.883706,1) with coverage: 0.999998
	Number of samples: 1565
	Variance: 0.0548009
	Standard deviation: 0.234096
	Maximum sample: 1
	Minimum sample: 0

Trafico/s promediado/s en d:
Probabilidad de bloqueo estimada: 0.000315159
	Confidence interval 1: (-0.000387341,0.00101766) with coverage: 0.95
	Confidence interval 2: (-0.99937,1) with coverage: 0.999998
	Number of samples: 3173
	Variance: 0.000315159
	Standard deviation: 0.0177527
	Maximum sample: 1
	Minimum sample: 0

Trafico/s promediado/s en e:
Probabilidad de bloqueo estimada: 0.0524632
	Confidence interval 1: (0.0371134,0.0678131) with coverage: 0.95
	Confidence interval 2: (-0.895074,1) with coverage: 0.999998
	Number of samples: 1563
	Variance: 0.0497426
	Standard deviation: 0.223031
	Maximum sample: 1
	Minimum sample: 0

