Semilla: 333
Tolerancia relativa: 1

Trafico/s promediado/s en a:
Probabilidad de bloqueo estimada: 0.000556174
	Confidence interval 1: (-0.000648112,0.00176046) with coverage: 0.95
	Confidence interval 2: (-0.998888,1) with coverage: 0.999998
	Number of samples: 3596
	Variance: 0.000556019
	Standard deviation: 0.0235801
	Maximum sample: 1
	Minimum sample: 0

Trafico/s promediado/s en b:
Probabilidad de bloqueo estimada: 0
	Confidence interval 1: (0,0) with coverage: 0.95
	Confidence interval 2: (-nan,-nan) with coverage: 1
	Number of samples: 1860
	Variance: 0
	Standard deviation: 0
	Maximum sample: 0
	Minimum sample: 0

Trafico/s promediado/s en c:
Probabilidad de bloqueo estimada: 0
	Confidence interval 1: (0,0) with coverage: 0.95
	Confidence interval 2: (-nan,-nan) with coverage: 1
	Number of samples: 1802
	Variance: 0
	Standard deviation: 0
	Maximum sample: 0
	Minimum sample: 0

Trafico/s promediado/s en d:
Probabilidad de bloqueo estimada: 0
	Confidence interval 1: (0,0) with coverage: 0.95
	Confidence interval 2: (-nan,-nan) with coverage: 1
	Number of samples: 800
	Variance: 0
	Standard deviation: 0
	Maximum sample: 0
	Minimum sample: 0

Trafico/s promediado/s en e:
Probabilidad de bloqueo estimada: 0.000173974
	Confidence interval 1: (-0.000247526,0.000595474) with coverage: 0.95
	Confidence interval 2: (-0.999652,1) with coverage: 0.999998
	Number of samples: 5748
	Variance: 0.000173974
	Standard deviation: 0.0131899
	Maximum sample: 1
	Minimum sample: 0

Trafico/s promediado/s en f:
Probabilidad de bloqueo estimada: 0
	Confidence interval 1: (0,0) with coverage: 0.95
	Confidence interval 2: (-nan,-nan) with coverage: 1
	Number of samples: 2714
	Variance: 0
	Standard deviation: 0
	Maximum sample: 0
	Minimum sample: 0

