Semilla: 333
Tolerancia relativa: 0.166376

Trafico/s promediado/s en a:
Probabilidad de bloqueo estimada: 0.00792079
	Confidence interval 1: (0.00231883,0.0135228) with coverage: 0.95
	Confidence interval 2: (-0.157137,0.172979) with coverage: 0.999998
	Number of samples: 1515
	Variance: 0.00786324
	Standard deviation: 0.0886749
	Maximum sample: 1
	Minimum sample: 0

Trafico/s promediado/s en b:
Probabilidad de bloqueo estimada: 0.148333
	Confidence interval 1: (0.113595,0.183071) with coverage: 0.95
	Confidence interval 2: (0.00663671,0.29003) with coverage: 0.999998
	Number of samples: 1200
	Variance: 0.126436
	Standard deviation: 0.355578
	Maximum sample: 1
	Minimum sample: 0

Trafico/s promediado/s en c:
Probabilidad de bloqueo estimada: 0.0694723
	Confidence interval 1: (0.0500261,0.0889184) with coverage: 0.95
	Confidence interval 2: (-0.0853449,0.224289) with coverage: 0.999998
	Number of samples: 1497
	Variance: 0.0646891
	Standard deviation: 0.254341
	Maximum sample: 1
	Minimum sample: 0

Trafico/s promediado/s en d:
Probabilidad de bloqueo estimada: 0.00540712
	Confidence interval 1: (0.00227553,0.00853871) with coverage: 0.95
	Confidence interval 2: (-0.160069,0.170883) with coverage: 0.999998
	Number of samples: 3144
	Variance: 0.0053796
	Standard deviation: 0.0733457
	Maximum sample: 1
	Minimum sample: 0

Trafico/s promediado/s en e:
Probabilidad de bloqueo estimada: 0.0963625
	Confidence interval 1: (0.0753645,0.11736) with coverage: 0.95
	Confidence interval 2: (-0.0539808,0.246706) with coverage: 0.999998
	Number of samples: 1567
	Variance: 0.0871324
	Standard deviation: 0.295182
	Maximum sample: 1
	Minimum sample: 0

