Semilla: 333
Tolerancia relativa: 0.0204119

Trafico/s promediado/s en a:
Probabilidad de bloqueo estimada: 0.00708466
	Confidence interval 1: (0.00285134,0.011318) with coverage: 0.95
	Confidence interval 2: (-0.0131826,0.027352) with coverage: 0.999998
	Number of samples: 2823
	Variance: 0.00703696
	Standard deviation: 0.0838866
	Maximum sample: 1
	Minimum sample: 0

Trafico/s promediado/s en b:
Probabilidad de bloqueo estimada: 0.0833333
	Confidence interval 1: (0.06516,0.101507) with coverage: 0.95
	Confidence interval 2: (0.0646224,0.102044) with coverage: 0.955863
	Number of samples: 1920
	Variance: 0.0764287
	Standard deviation: 0.276457
	Maximum sample: 1
	Minimum sample: 0

Trafico/s promediado/s en c:
Probabilidad de bloqueo estimada: 0.0368964
	Confidence interval 1: (0.0249457,0.048847) with coverage: 0.95
	Confidence interval 2: (0.0172376,0.0565551) with coverage: 0.998294
	Number of samples: 1843
	Variance: 0.0355543
	Standard deviation: 0.188559
	Maximum sample: 1
	Minimum sample: 0

Trafico/s promediado/s en d:
Probabilidad de bloqueo estimada: 0.00486486
	Confidence interval 1: (0.00137715,0.00835258) with coverage: 0.95
	Confidence interval 2: (-0.0154477,0.0251775) with coverage: 0.999998
	Number of samples: 3700
	Variance: 0.00484251
	Standard deviation: 0.0695881
	Maximum sample: 1
	Minimum sample: 0

Trafico/s promediado/s en e:
Probabilidad de bloqueo estimada: 0.0591054
	Confidence interval 1: (0.0428078,0.0754031) with coverage: 0.95
	Confidence interval 2: (0.0399,0.0783109) with coverage: 0.970812
	Number of samples: 1878
	Variance: 0.0556416
	Standard deviation: 0.235885
	Maximum sample: 1
	Minimum sample: 0

