Semilla: 333
Tolerancia relativa: 0.00828886

Trafico/s promediado/s en a:
Probabilidad de bloqueo estimada: 0.0461351
	Confidence interval 1: (0.0426011,0.0496691) with coverage: 0.95
	Confidence interval 2: (0.0382286,0.0540415) with coverage: 0.999962
	Number of samples: 57440
	Variance: 0.0440074
	Standard deviation: 0.209779
	Maximum sample: 1
	Minimum sample: 0

Trafico/s promediado/s en b:
Probabilidad de bloqueo estimada: 0.163047
	Confidence interval 1: (0.156179,0.169915) with coverage: 0.95
	Confidence interval 2: (0.156109,0.169984) with coverage: 0.95201
	Number of samples: 38400
	Variance: 0.136466
	Standard deviation: 0.369413
	Maximum sample: 1
	Minimum sample: 0

Trafico/s promediado/s en c:
Probabilidad de bloqueo estimada: 0.102089
	Confidence interval 1: (0.0959985,0.108179) with coverage: 0.95
	Confidence interval 2: (0.0946463,0.109532) with coverage: 0.982673
	Number of samples: 38153
	Variance: 0.0916692
	Standard deviation: 0.302769
	Maximum sample: 1
	Minimum sample: 0

Trafico/s promediado/s en d:
Probabilidad de bloqueo estimada: 0.0256248
	Confidence interval 1: (0.0233731,0.0278765) with coverage: 0.95
	Confidence interval 2: (0.0175483,0.0337013) with coverage: 0.999998
	Number of samples: 75864
	Variance: 0.0249685
	Standard deviation: 0.158014
	Maximum sample: 1
	Minimum sample: 0

Trafico/s promediado/s en e:
Probabilidad de bloqueo estimada: 0.126461
	Confidence interval 1: (0.121823,0.131098) with coverage: 0.95
	Confidence interval 2: (0.11922,0.133701) with coverage: 0.998799
	Number of samples: 38083
	Variance: 0.110471
	Standard deviation: 0.332372
	Maximum sample: 1
	Minimum sample: 0

