Semilla: 333
Tolerancia relativa: 0.00121456

Trafico/s promediado/s en a:
Probabilidad de bloqueo estimada: 0.368953
	Confidence interval 1: (0.368585,0.369321) with coverage: 0.95
	Confidence interval 2: (0.368187,0.36972) with coverage: 0.999876
	Number of samples: 19323448
	Variance: 0.232827
	Standard deviation: 0.482521
	Maximum sample: 1
	Minimum sample: 0

Trafico/s promediado/s en b:
Probabilidad de bloqueo estimada: 7.30439e-05
	Confidence interval 1: (6.33723e-05,8.27155e-05) with coverage: 0.95
	Confidence interval 2: (-0.00114142,0.00128751) with coverage: 0.999998
	Number of samples: 9665420
	Variance: 7.30386e-05
	Standard deviation: 0.00854626
	Maximum sample: 1
	Minimum sample: 0

Trafico/s promediado/s en c:
Probabilidad de bloqueo estimada: 0.0100292
	Confidence interval 1: (0.00992092,0.0101375) with coverage: 0.95
	Confidence interval 2: (0.00882686,0.0112316) with coverage: 0.999998
	Number of samples: 9666142
	Variance: 0.00992865
	Standard deviation: 0.0996426
	Maximum sample: 1
	Minimum sample: 0

Trafico/s promediado/s en d:
Probabilidad de bloqueo estimada: 0.597241
	Confidence interval 1: (0.596769,0.597714) with coverage: 0.95
	Confidence interval 2: (0.596752,0.59773) with coverage: 0.956943
	Number of samples: 4831639
	Variance: 0.240544
	Standard deviation: 0.490453
	Maximum sample: 1
	Minimum sample: 0

Trafico/s promediado/s en e:
Probabilidad de bloqueo estimada: 0.0923304
	Confidence interval 1: (0.0918517,0.0928091) with coverage: 0.95
	Confidence interval 2: (0.091228,0.0934328) with coverage: 0.999982
	Number of samples: 4831408
	Variance: 0.0838055
	Standard deviation: 0.289492
	Maximum sample: 1
	Minimum sample: 0

Trafico/s promediado/s en f:
Probabilidad de bloqueo estimada: 0.395665
	Confidence interval 1: (0.395385,0.395944) with coverage: 0.95
	Confidence interval 2: (0.394931,0.396399) with coverage: 0.999997
	Number of samples: 19321420
	Variance: 0.239114
	Standard deviation: 0.488993
	Maximum sample: 1
	Minimum sample: 0

Trafico/s promediado/s en g:
Probabilidad de bloqueo estimada: 0.0050692
	Confidence interval 1: (0.00501453,0.00512387) with coverage: 0.95
	Confidence interval 2: (0.0038608,0.0062776) with coverage: 0.999998
	Number of samples: 19330264
	Variance: 0.0050435
	Standard deviation: 0.0710176
	Maximum sample: 1
	Minimum sample: 0

Trafico/s promediado/s en h:
Probabilidad de bloqueo estimada: 3.81407e-05
	Confidence interval 1: (3.36246e-05,4.26568e-05) with coverage: 0.95
	Confidence interval 2: (-0.00117637,0.00125265) with coverage: 0.999998
	Number of samples: 19323192
	Variance: 3.81392e-05
	Standard deviation: 0.0061757
	Maximum sample: 1
	Minimum sample: 0

Trafico/s promediado/s en i:
Probabilidad de bloqueo estimada: 0.366147
	Confidence interval 1: (0.36571,0.366585) with coverage: 0.95
	Confidence interval 2: (0.365377,0.366917) with coverage: 0.999205
	Number of samples: 9663189
	Variance: 0.232083
	Standard deviation: 0.48175
	Maximum sample: 1
	Minimum sample: 0

Trafico/s promediado/s en j:
Probabilidad de bloqueo estimada: 0.0477918
	Confidence interval 1: (0.0475888,0.0479947) with coverage: 0.95
	Confidence interval 2: (0.0466353,0.0489483) with coverage: 0.999998
	Number of samples: 9659237
	Variance: 0.0455077
	Standard deviation: 0.213325
	Maximum sample: 1
	Minimum sample: 0

