Semilla: 333
Tolerancia relativa: 0.0336859

Trafico/s promediado/s en a:
Probabilidad de bloqueo estimada: 0.0354009
	Confidence interval 1: (0.0248582,0.0459436) with coverage: 0.95
	Confidence interval 2: (0.00290755,0.0678943) with coverage: 0.999998
	Number of samples: 3305
	Variance: 0.034158
	Standard deviation: 0.184819
	Maximum sample: 1
	Minimum sample: 0

Trafico/s promediado/s en b:
Probabilidad de bloqueo estimada: 0
	Confidence interval 1: (0,0) with coverage: 0.95
	Confidence interval 2: (-nan,-nan) with coverage: 1
	Number of samples: 1576
	Variance: 0
	Standard deviation: 0
	Maximum sample: 0
	Minimum sample: 0

Trafico/s promediado/s en c:
Probabilidad de bloqueo estimada: 0
	Confidence interval 1: (0,0) with coverage: 0.95
	Confidence interval 2: (-nan,-nan) with coverage: 1
	Number of samples: 1717
	Variance: 0
	Standard deviation: 0
	Maximum sample: 0
	Minimum sample: 0

Trafico/s promediado/s en d:
Probabilidad de bloqueo estimada: 0.06125
	Confidence interval 1: (0.0396726,0.0828274) with coverage: 0.95
	Confidence interval 2: (0.0296274,0.0928726) with coverage: 0.996759
	Number of samples: 800
	Variance: 0.0575704
	Standard deviation: 0.239938
	Maximum sample: 1
	Minimum sample: 0

Trafico/s promediado/s en e:
Probabilidad de bloqueo estimada: 0
	Confidence interval 1: (0,0) with coverage: 0.95
	Confidence interval 2: (-nan,-nan) with coverage: 1
	Number of samples: 836
	Variance: 0
	Standard deviation: 0
	Maximum sample: 0
	Minimum sample: 0

Trafico/s promediado/s en f:
Probabilidad de bloqueo estimada: 0.0343883
	Confidence interval 1: (0.024387,0.0443897) with coverage: 0.95
	Confidence interval 2: (0.00186085,0.0669158) with coverage: 0.999998
	Number of samples: 3286
	Variance: 0.0332159
	Standard deviation: 0.182252
	Maximum sample: 1
	Minimum sample: 0

Trafico/s promediado/s en g:
Probabilidad de bloqueo estimada: 0
	Confidence interval 1: (0,0) with coverage: 0.95
	Confidence interval 2: (-nan,-nan) with coverage: 1
	Number of samples: 6486
	Variance: 0
	Standard deviation: 0
	Maximum sample: 0
	Minimum sample: 0

Trafico/s promediado/s en h:
Probabilidad de bloqueo estimada: 0
	Confidence interval 1: (0,0) with coverage: 0.95
	Confidence interval 2: (-nan,-nan) with coverage: 1
	Number of samples: 6478
	Variance: 0
	Standard deviation: 0
	Maximum sample: 0
	Minimum sample: 0

Trafico/s promediado/s en i:
Probabilidad de bloqueo estimada: 0.0321691
	Confidence interval 1: (0.0211603,0.0431779) with coverage: 0.95
	Confidence interval 2: (-0.000433101,0.0647713) with coverage: 0.999998
	Number of samples: 3264
	Variance: 0.0311438
	Standard deviation: 0.176476
	Maximum sample: 1
	Minimum sample: 0

Trafico/s promediado/s en j:
Probabilidad de bloqueo estimada: 0
	Confidence interval 1: (0,0) with coverage: 0.95
	Confidence interval 2: (-nan,-nan) with coverage: 1
	Number of samples: 3381
	Variance: 0
	Standard deviation: 0
	Maximum sample: 0
	Minimum sample: 0

